Received Data at: 1456098611552
Before Decrypt: [-773865570, -1432137090, 729514303, 671747583]
4
-773865570
-1432137090
729514303
671747583
After Decrypt: [97, 98, 99, 100]
Received Data at: 1456098611577
Before Decrypt: [-1114813609, -803263414, 1304206292, -317717845, -963567742, 2106246213]
6
-1114813609
-803263414
1304206292
-317717845
-963567742
2106246213
After Decrypt: [104, 101, 108, 108, 111, 46]
Received Data at: 1456098611578
Before Decrypt: [1182173652, 2116338909, 48793033, 196200738]
4
1182173652
2116338909
48793033
196200738
After Decrypt: [116, 101, 115, 116]
Received Data at: 1456099750038
Before Decrypt: [-773865570, -1432137090, 729514303, 671747583]
4
-773865570
-1432137090
729514303
671747583
After Decrypt: [97, 98, 99, 100]
Received Data at: 1456099750040
Before Decrypt: [1182173652, 2116338909, 883023445, 1982997254]
4
1182173652
2116338909
883023445
1982997254
After Decrypt: [116, 101, 122, 116]
Received Data at: 1456099750041
Before Decrypt: [-1114813609, -803263414, 1304206292, -317717845, -963567742, 2106246213]
6
-1114813609
-803263414
1304206292
-317717845
-963567742
2106246213
After Decrypt: [104, 101, 108, 108, 111, 46]
Received Data at: 1456099826129
Before Decrypt: [-773865570, -1432137090, 729514303, 671747583]
4
-773865570
-1432137090
729514303
671747583
After Decrypt: [97, 98, 99, 100]
Received Data at: 1456099826131
Before Decrypt: [1182173652, 2116338909, 48793033, 196200738]
4
1182173652
2116338909
48793033
196200738
After Decrypt: [116, 101, 115, 116]
Received Data at: 1456099826132
Before Decrypt: [-1114813609, -803263414, 1304206292, -317717845, -963567742, 2106246213]
6
-1114813609
-803263414
1304206292
-317717845
-963567742
2106246213
After Decrypt: [104, 101, 108, 108, 111, 46]
Received Data at: 1456100105054
Before Decrypt: [-773865570, -1432137090, 729514303, 671747583]
4
-773865570
-1432137090
729514303
671747583
After Decrypt: [97, 98, 99, 100]
Received Data at: 1456100105055
Before Decrypt: [1182173652, 2116338909, 48793033, 196200738]
4
1182173652
2116338909
48793033
196200738
After Decrypt: [116, 101, 115, 116]
Received Data at: 1456100105056
Before Decrypt: [-1114813609, -803263414, 1304206292, -317717845, -963567742, 2106246213]
6
-1114813609
-803263414
1304206292
-317717845
-963567742
2106246213
After Decrypt: [104, 101, 108, 108, 111, 46]
Received Data at: 1456100342188
Before Decrypt: [-773865570, -1432137090, 729514303, 671747583]
4
-773865570
-1432137090
729514303
671747583
After Decrypt: [97, 98, 99, 100]
Received Data at: 1456100342190
Before Decrypt: [1182173652, 2116338909, 48793033, 196200738]
4
1182173652
2116338909
48793033
196200738
After Decrypt: [116, 101, 115, 116]
Received Data at: 1456100342191
Before Decrypt: [-1114813609, -803263414, 1304206292, -317717845, -963567742, 2106246213]
6
-1114813609
-803263414
1304206292
-317717845
-963567742
2106246213
After Decrypt: [104, 101, 108, 108, 111, 46]
Received Data at: 1456100670387
Before Decrypt: [-773865570, -1432137090, 729514303, 671747583]
4
-773865570
-1432137090
729514303
671747583
After Decrypt: [97, 98, 99, 100]
Received Data at: 1456100670388
Before Decrypt: [1182173652, 2116338909, 883023445, 1982997254]
4
1182173652
2116338909
883023445
1982997254
After Decrypt: [116, 101, 122, 116]
Received Data at: 1456100670391
Before Decrypt: [-1114813609, -803263414, 1304206292, -317717845, -963567742, 2106246213]
6
-1114813609
-803263414
1304206292
-317717845
-963567742
2106246213
After Decrypt: [104, 101, 108, 108, 111, 46]
Received Data at: 1456100740670
Before Decrypt: [-773865570, -1432137090, 729514303, 671747583]
4
-773865570
-1432137090
729514303
671747583
After Decrypt: [97, 98, 99, 100]
Received Data at: 1456100740672
Before Decrypt: [1182173652, 2116338909, 48793033, 196200738]
4
1182173652
2116338909
48793033
196200738
After Decrypt: [116, 101, 115, 116]
Received Data at: 1456100740673
Before Decrypt: [-1114813609, -803263414, 1304206292, -317717845, 1527945167, 677638718]
6
-1114813609
-803263414
1304206292
-317717845
1527945167
677638718
After Decrypt: [104, 101, 108, 108, 111, 32]
Received Data at: 1456101060884
Before Decrypt: [-773865570, -1432137090, 729514303, 671747583]
4
-773865570
-1432137090
729514303
671747583
After Decrypt: [97, 98, 99, 100]
Received Data at: 1456101123776
Before Decrypt: [-773865570, -1432137090, 729514303, 671747583]
4
-773865570
-1432137090
729514303
671747583
After Decrypt: [97, 98, 99, 100]
Received Data at: 1456101123777
Before Decrypt: [1182173652, 2116338909, 48793033, 196200738]
4
1182173652
2116338909
48793033
196200738
After Decrypt: [116, 101, 115, 116]
Received Data at: 1456101123778
Before Decrypt: [-1114813609, -803263414, 1304206292, -317717845, -963567742, 2106246213]
6
-1114813609
-803263414
1304206292
-317717845
-963567742
2106246213
After Decrypt: [104, 101, 108, 108, 111, 46]
Received Data at: 1456101534393
Before Decrypt: [-773865570, -1432137090, 729514303, 671747583]
4
-773865570
-1432137090
729514303
671747583
After Decrypt: [97, 98, 99, 100]
Received Data at: 1456101534394
Before Decrypt: [1182173652, 2116338909, 48793033, 196200738]
4
1182173652
2116338909
48793033
196200738
After Decrypt: [116, 101, 115, 116]
Received Data at: 1456101534395
Before Decrypt: [-1114813609, -803263414, 1304206292, -317717845, -963567742, 2106246213]
6
-1114813609
-803263414
1304206292
-317717845
-963567742
2106246213
After Decrypt: [104, 101, 108, 108, 111, 46]
Received Data at: 1456101595055
Before Decrypt: [-773865570, -1432137090, 729514303, 671747583]
4
-773865570
-1432137090
729514303
671747583
After Decrypt: [97, 98, 99, 100]
Received Data at: 1456101595057
Before Decrypt: [1182173652, 2116338909, 48793033, 196200738]
4
1182173652
2116338909
48793033
196200738
After Decrypt: [116, 101, 115, 116]
Received Data at: 1456101595058
Before Decrypt: [-1114813609, -803263414, 1304206292, -317717845, -963567742, 2106246213]
6
-1114813609
-803263414
1304206292
-317717845
-963567742
2106246213
After Decrypt: [104, 101, 108, 108, 111, 46]
Received Data at: 1456102574848
Before Decrypt: [-773865570, -1432137090, 729514303, 671747583]
4
-773865570
-1432137090
729514303
671747583
After Decrypt: [97, 98, 99, 100]
Received Data at: 1456102574850
Before Decrypt: [1182173652, 2116338909, 48793033, 196200738]
4
1182173652
2116338909
48793033
196200738
After Decrypt: [116, 101, 115, 116]
Received Data at: 1456102574851
Before Decrypt: [-1114813609, -803263414, 1304206292, -317717845, 1527945167, 677638718]
6
-1114813609
-803263414
1304206292
-317717845
1527945167
677638718
After Decrypt: [104, 101, 108, 108, 111, 32]
Received Data at: 1456102625327
Before Decrypt: [-773865570, -1432137090, 729514303, 671747583]
4
-773865570
-1432137090
729514303
671747583
After Decrypt: [97, 98, 99, 100]
Received Data at: 1456102625329
Before Decrypt: [1182173652, 2116338909, 48793033, 196200738]
4
1182173652
2116338909
48793033
196200738
After Decrypt: [116, 101, 115, 116]
Received Data at: 1456102625330
Before Decrypt: [-1114813609, -803263414, 1304206292, -317717845, 1527945167, 677638718]
6
-1114813609
-803263414
1304206292
-317717845
1527945167
677638718
After Decrypt: [104, 101, 108, 108, 111, 32]
Received Data at: 1456103365318
Before Decrypt: [-773865570, -1432137090, 729514303, 671747583]
4
-773865570
-1432137090
729514303
671747583
After Decrypt: [97, 98, 99, 100]
Received Data at: 1456103365319
Before Decrypt: [1182173652, 2116338909, 883023445, 1982997254]
4
1182173652
2116338909
883023445
1982997254
After Decrypt: [116, 101, 122, 116]
Received Data at: 1456103365320
Before Decrypt: [-1114813609, -803263414, 1304206292, -317717845, -963567742, 2106246213]
6
-1114813609
-803263414
1304206292
-317717845
-963567742
2106246213
After Decrypt: [104, 101, 108, 108, 111, 46]
Received Data at: 1456103773792
Before Decrypt: [-773865570, -1432137090, 729514303, 671747583]
4
-773865570
-1432137090
729514303
671747583
After Decrypt: [97, 98, 99, 100]
Received Data at: 1456103773794
Before Decrypt: [1182173652, 2116338909, 48793033, 196200738]
4
1182173652
2116338909
48793033
196200738
After Decrypt: [116, 101, 115, 116]
Received Data at: 1456103773795
Before Decrypt: [-1114813609, -803263414, 1304206292, -317717845, -963567742, 2106246213]
6
-1114813609
-803263414
1304206292
-317717845
-963567742
2106246213
After Decrypt: [104, 101, 108, 108, 111, 46]
Received Data at: 1456103825033
Before Decrypt: [-773865570, -1432137090, 729514303, 671747583]
4
-773865570
-1432137090
729514303
671747583
After Decrypt: [97, 98, 99, 100]
Received Data at: 1456103825034
Before Decrypt: [1182173652, 2116338909, 883023445, 1982997254]
4
1182173652
2116338909
883023445
1982997254
After Decrypt: [116, 101, 122, 116]
Received Data at: 1456103825035
Before Decrypt: [-1114813609, -803263414, 1304206292, -317717845, -963567742, 2106246213]
6
-1114813609
-803263414
1304206292
-317717845
-963567742
2106246213
After Decrypt: [104, 101, 108, 108, 111, 46]
Received Data at: 1456104032944
Before Decrypt: [-773865570, -1432137090, 729514303, 671747583]
4
-773865570
-1432137090
729514303
671747583
After Decrypt: [97, 98, 99, 100]
Received Data at: 1456104032948
Before Decrypt: [1182173652, 2116338909, 48793033, 196200738]
4
1182173652
2116338909
48793033
196200738
After Decrypt: [116, 101, 115, 116]
Received Data at: 1456104032954
Before Decrypt: [-1114813609, -803263414, 1304206292, -317717845, -963567742, 2106246213]
6
-1114813609
-803263414
1304206292
-317717845
-963567742
2106246213
After Decrypt: [104, 101, 108, 108, 111, 46]
Received Data at: 1456104097125
Before Decrypt: [-773865570, -1432137090, -1681651414, -1262668698]
4
-773865570
-1432137090
-1681651414
-1262668698
After Decrypt: [97, 98, 99, 102]
Received Data at: 1456104097126
Before Decrypt: [1182173652, 2116338909, 48793033, 196200738]
4
1182173652
2116338909
48793033
196200738
After Decrypt: [116, 101, 115, 116]
Received Data at: 1456104097129
Before Decrypt: [-1114813609, -803263414, 1304206292, -317717845, -963567742, 2106246213]
6
-1114813609
-803263414
1304206292
-317717845
-963567742
2106246213
After Decrypt: [104, 101, 108, 108, 111, 46]
Received Data at: 1456104356389
Before Decrypt: [-773865570, -1432137090, -1681651414, -1262668698]
4
-773865570
-1432137090
-1681651414
-1262668698
After Decrypt: [97, 98, 99, 102]
Received Data at: 1456104356391
Before Decrypt: [1182173652, 2116338909, 48793033, 196200738]
4
1182173652
2116338909
48793033
196200738
After Decrypt: [116, 101, 115, 116]
Received Data at: 1456104356391
Before Decrypt: [-1114813609, -803263414, 1304206292, -317717845, -963567742, 2106246213]
6
-1114813609
-803263414
1304206292
-317717845
-963567742
2106246213
After Decrypt: [104, 101, 108, 108, 111, 46]
Received Data at: 1456104766408
Before Decrypt: [-773865570, -1432137090, -857032801, -1421827212]
4
-773865570
-1432137090
-857032801
-1421827212
After Decrypt: [97, 98, 118, 100]
Received Data at: 1456104766409
Before Decrypt: [1182173652, 2116338909, 48793033, 196200738]
4
1182173652
2116338909
48793033
196200738
After Decrypt: [116, 101, 115, 116]
Received Data at: 1456104766410
Before Decrypt: [-1114813609, -803263414, 1304206292, -317717845, -963567742, 2106246213]
6
-1114813609
-803263414
1304206292
-317717845
-963567742
2106246213
After Decrypt: [104, 101, 108, 108, 111, 46]
Received Data at: 1456104836507
Before Decrypt: [-773865570, -1432137090, 729514303, 671747583]
4
-773865570
-1432137090
729514303
671747583
After Decrypt: [97, 98, 99, 100]
Received Data at: 1456104836509
Before Decrypt: [1182173652, 2116338909, 48793033, 196200738]
4
1182173652
2116338909
48793033
196200738
After Decrypt: [116, 101, 115, 116]
Received Data at: 1456104836510
Before Decrypt: [-1114813609, -803263414, 1304206292, -317717845, -963567742, 2106246213]
6
-1114813609
-803263414
1304206292
-317717845
-963567742
2106246213
After Decrypt: [104, 101, 108, 108, 111, 46]
Received Data at: 1456104868041
Before Decrypt: [-201761391, 840566175, -744337927, 452613167]
4
-201761391
840566175
-744337927
452613167
After Decrypt: [97, 110, 98, 100]
Received Data at: 1456104868043
Before Decrypt: [1182173652, 2116338909, 48793033, 196200738]
4
1182173652
2116338909
48793033
196200738
After Decrypt: [116, 101, 115, 116]
Received Data at: 1456104868044
Before Decrypt: [-1114813609, -803263414, 1304206292, -317717845, -963567742, 2106246213]
6
-1114813609
-803263414
1304206292
-317717845
-963567742
2106246213
After Decrypt: [104, 101, 108, 108, 111, 46]
Received Data at: 1456105084373
Before Decrypt: [-773865570, -1432137090, 729514303, 671747583]
4
-773865570
-1432137090
729514303
671747583
After Decrypt: [97, 98, 99, 100]
Received Data at: 1456105084375
Before Decrypt: [1182173652, 2116338909, 48793033, 196200738]
4
1182173652
2116338909
48793033
196200738
After Decrypt: [116, 101, 115, 116]
Received Data at: 1456105084376
Before Decrypt: [-1114813609, -803263414, 1304206292, -317717845, -963567742, 2106246213]
6
-1114813609
-803263414
1304206292
-317717845
-963567742
2106246213
After Decrypt: [104, 101, 108, 108, 111, 46]
Received Data at: 1456105548961
Before Decrypt: [-773865570, -1432137090, 729514303, 671747583]
4
-773865570
-1432137090
729514303
671747583
After Decrypt: [97, 98, 99, 100]
Received Data at: 1456105548962
Before Decrypt: [1182173652, 2116338909, 48793033, 196200738]
4
1182173652
2116338909
48793033
196200738
After Decrypt: [116, 101, 115, 116]
Received Data at: 1456105548963
Before Decrypt: [-1114813609, -803263414, 1304206292, -317717845, -963567742, 2106246213]
6
-1114813609
-803263414
1304206292
-317717845
-963567742
2106246213
After Decrypt: [104, 101, 108, 108, 111, 46]
Received Data at: 1456105726524
Before Decrypt: [-773865570, -1432137090, 729514303, 671747583]
4
-773865570
-1432137090
729514303
671747583
After Decrypt: [97, 98, 99, 100]
Received Data at: 1456105726525
Before Decrypt: [1182173652, 2116338909, 48793033, 196200738]
4
1182173652
2116338909
48793033
196200738
After Decrypt: [116, 101, 115, 116]
Received Data at: 1456105726526
Before Decrypt: [-1114813609, -803263414, 1304206292, -317717845, -963567742, 2106246213]
6
-1114813609
-803263414
1304206292
-317717845
-963567742
2106246213
After Decrypt: [104, 101, 108, 108, 111, 46]
Received Data at: 1456106076143
Before Decrypt: [-773865570, -1432137090, 729514303, 671747583]
4
-773865570
-1432137090
729514303
671747583
After Decrypt: [97, 98, 99, 100]
Received Data at: 1456106076144
Before Decrypt: [1182173652, 2116338909, 48793033, 196200738]
4
1182173652
2116338909
48793033
196200738
After Decrypt: [116, 101, 115, 116]
Received Data at: 1456106076145
Before Decrypt: [-1114813609, -803263414, 1304206292, -317717845, -963567742, 2106246213]
6
-1114813609
-803263414
1304206292
-317717845
-963567742
2106246213
After Decrypt: [104, 101, 108, 108, 111, 46]
Received Data at: 1456106172748
Before Decrypt: [-773865570, -1432137090, -857032801, -1421827212]
4
-773865570
-1432137090
-857032801
-1421827212
After Decrypt: [97, 98, 118, 100]
Received Data at: 1456106172750
Before Decrypt: [1182173652, 2116338909, 48793033, 196200738]
4
1182173652
2116338909
48793033
196200738
After Decrypt: [116, 101, 115, 116]
Received Data at: 1456106172751
Before Decrypt: [-1114813609, -803263414, 1304206292, -317717845, 1527945167, 677638718]
6
-1114813609
-803263414
1304206292
-317717845
1527945167
677638718
After Decrypt: [104, 101, 108, 108, 111, 32]
Received Data at: 1456106235615
Before Decrypt: [-773865570, -1432137090, 729514303, 671747583]
4
-773865570
-1432137090
729514303
671747583
After Decrypt: [97, 98, 99, 100]
Received Data at: 1456106235616
Before Decrypt: [1182173652, 2116338909, 883023445, 1982997254]
4
1182173652
2116338909
883023445
1982997254
After Decrypt: [116, 101, 122, 116]
Received Data at: 1456106235617
Before Decrypt: [-1114813609, -803263414, 1304206292, -317717845, -963567742, 2106246213]
6
-1114813609
-803263414
1304206292
-317717845
-963567742
2106246213
After Decrypt: [104, 101, 108, 108, 111, 46]
Received Data at: 1456106289245
Before Decrypt: [-773865570, -1432137090, 729514303, 671747583]
4
-773865570
-1432137090
729514303
671747583
After Decrypt: [97, 98, 99, 100]
Received Data at: 1456106289247
Before Decrypt: [1182173652, 2116338909, 48793033, 196200738]
4
1182173652
2116338909
48793033
196200738
After Decrypt: [116, 101, 115, 116]
Received Data at: 1456106289248
Before Decrypt: [-1114813609, -803263414, 1304206292, -317717845, -963567742, 2106246213]
6
-1114813609
-803263414
1304206292
-317717845
-963567742
2106246213
After Decrypt: [104, 101, 108, 108, 111, 46]
Received Data at: 1456106314124
Before Decrypt: [-773865570, -1432137090, 729514303, 671747583]
4
-773865570
-1432137090
729514303
671747583
After Decrypt: [97, 98, 99, 100]
Received Data at: 1456106314125
Before Decrypt: [1182173652, 2116338909, 48793033, 196200738]
4
1182173652
2116338909
48793033
196200738
After Decrypt: [116, 101, 115, 116]
Received Data at: 1456106314126
Before Decrypt: [-1114813609, -803263414, 1304206292, -317717845, -963567742, 2106246213]
6
-1114813609
-803263414
1304206292
-317717845
-963567742
2106246213
After Decrypt: [104, 101, 108, 108, 111, 46]
